<?xml version="1.0" encoding="UTF-8"?>
<!-- Generated by org.testng.reporters.JUnitXMLReporter -->
<testsuite ignored="0" hostname="DESKTOP-DKGOJOA" failures="0" tests="4" name="Default test" time="13.268" errors="0" timestamp="2024-04-06T21:19:16 IST">
  <testcase classname="api.testcases.UserTest2" name="Testcreateuser" time="6.505"/>
  <testcase classname="api.testcases.UserTest2" name="TestGetuserdata" time="1.542"/>
  <testcase classname="api.testcases.UserTest2" name="testUpdateUser" time="3.188"/>
  <testcase classname="api.testcases.UserTest2" name="testDeleteUser" time="1.422"/>
</testsuite> <!-- Default test -->
