<?xml version="1.0" encoding="UTF-8"?>
<!-- Generated by org.testng.reporters.JUnitXMLReporter -->
<testsuite ignored="0" hostname="DESKTOP-DKGOJOA" failures="0" tests="10" name="Test" time="28.716" errors="0" timestamp="2024-04-06T19:40:17 IST">
  <testcase classname="api.testcases.UserTest_DD" name="Testcreateuser" time="7.405"/>
  <testcase classname="api.testcases.UserTest_DD" name="Testcreateuser" time="1.676"/>
  <testcase classname="api.testcases.UserTest_DD" name="Testcreateuser" time="1.595"/>
  <testcase classname="api.testcases.UserTest_DD" name="testDeleteUser" time="1.362"/>
  <testcase classname="api.testcases.UserTest_DD" name="testDeleteUser" time="1.791"/>
  <testcase classname="api.testcases.UserTest_DD" name="testDeleteUser" time="2.037"/>
  <testcase classname="api.testcases.UserTest" name="Testcreateuser" time="2.039"/>
  <testcase classname="api.testcases.UserTest" name="TestGetuserdata" time="2.132"/>
  <testcase classname="api.testcases.UserTest" name="testUpdateUser" time="2.867"/>
  <testcase classname="api.testcases.UserTest" name="testDeleteUser" time="1.592"/>
</testsuite> <!-- Test -->
