<?xml version="1.0" encoding="UTF-8"?>
<!-- Generated by org.testng.reporters.JUnitXMLReporter -->
<testsuite ignored="0" hostname="DESKTOP-DKGOJOA" failures="0" tests="10" name="Test" time="35.261" errors="0" timestamp="2024-04-06T21:34:58 IST">
  <testcase classname="api.testcases.UserTest_DD" name="Testcreateuser" time="9.131"/>
  <testcase classname="api.testcases.UserTest_DD" name="Testcreateuser" time="1.554"/>
  <testcase classname="api.testcases.UserTest_DD" name="Testcreateuser" time="1.599"/>
  <testcase classname="api.testcases.UserTest_DD" name="testDeleteUser" time="1.85"/>
  <testcase classname="api.testcases.UserTest_DD" name="testDeleteUser" time="1.387"/>
  <testcase classname="api.testcases.UserTest_DD" name="testDeleteUser" time="1.35"/>
  <testcase classname="api.testcases.UserTest" name="Testcreateuser" time="1.951"/>
  <testcase classname="api.testcases.UserTest" name="TestGetuserdata" time="1.503"/>
  <testcase classname="api.testcases.UserTest" name="testUpdateUser" time="3.507"/>
  <testcase classname="api.testcases.UserTest" name="testDeleteUser" time="1.514"/>
</testsuite> <!-- Test -->
