<?xml version="1.0" encoding="UTF-8"?>
<testng-results ignored="0" total="10" passed="10" failed="0" skipped="0">
  <reporter-output>
  </reporter-output>
  <suite started-at="2024-04-06T21:34:22 IST" name="Suite" finished-at="2024-04-06T21:34:57 IST" duration-ms="35261">
    <groups>
    </groups>
    <test started-at="2024-04-06T21:34:22 IST" name="Test" finished-at="2024-04-06T21:34:57 IST" duration-ms="35261">
      <class name="api.testcases.UserTest">
        <test-method is-config="true" signature="generateTestData()[pri:0, instance:api.testcases.UserTest@10c8f62]" started-at="2024-04-06T21:34:48 IST" name="generateTestData" finished-at="2024-04-06T21:34:48 IST" duration-ms="855" status="PASS">
          <reporter-output>
          </reporter-output>
        </test-method> <!-- generateTestData -->
        <test-method signature="Testcreateuser()[pri:1, instance:api.testcases.UserTest@10c8f62]" started-at="2024-04-06T21:34:48 IST" name="Testcreateuser" finished-at="2024-04-06T21:34:50 IST" duration-ms="1951" status="PASS">
          <reporter-output>
          </reporter-output>
        </test-method> <!-- Testcreateuser -->
        <test-method signature="TestGetuserdata()[pri:2, instance:api.testcases.UserTest@10c8f62]" started-at="2024-04-06T21:34:50 IST" name="TestGetuserdata" finished-at="2024-04-06T21:34:52 IST" duration-ms="1503" status="PASS">
          <reporter-output>
          </reporter-output>
        </test-method> <!-- TestGetuserdata -->
        <test-method signature="testUpdateUser()[pri:3, instance:api.testcases.UserTest@10c8f62]" started-at="2024-04-06T21:34:52 IST" name="testUpdateUser" finished-at="2024-04-06T21:34:55 IST" duration-ms="3507" status="PASS">
          <reporter-output>
          </reporter-output>
        </test-method> <!-- testUpdateUser -->
        <test-method signature="testDeleteUser()[pri:4, instance:api.testcases.UserTest@10c8f62]" started-at="2024-04-06T21:34:55 IST" name="testDeleteUser" finished-at="2024-04-06T21:34:57 IST" duration-ms="1514" status="PASS">
          <reporter-output>
          </reporter-output>
        </test-method> <!-- testDeleteUser -->
      </class> <!-- api.testcases.UserTest -->
      <class name="api.testcases.UserTest_DD">
        <test-method signature="Testcreateuser(java.lang.String,java.lang.String,java.lang.String,java.lang.String,java.lang.String,java.lang.String,java.lang.String)[pri:1, instance:api.testcases.UserTest_DD@63c5efee]" started-at="2024-04-06T21:34:30 IST" name="Testcreateuser" data-provider="AllData" finished-at="2024-04-06T21:34:39 IST" duration-ms="9131" status="PASS">
          <params>
            <param index="0">
              <value>
                <![CDATA[2020]]>
              </value>
            </param>
            <param index="1">
              <value>
                <![CDATA[user1]]>
              </value>
            </param>
            <param index="2">
              <value>
                <![CDATA[kuldeep]]>
              </value>
            </param>
            <param index="3">
              <value>
                <![CDATA[lohar]]>
              </value>
            </param>
            <param index="4">
              <value>
                <![CDATA[a123@gmail.com]]>
              </value>
            </param>
            <param index="5">
              <value>
                <![CDATA[test@1]]>
              </value>
            </param>
            <param index="6">
              <value>
                <![CDATA[1234567890]]>
              </value>
            </param>
          </params>
          <reporter-output>
          </reporter-output>
        </test-method> <!-- Testcreateuser -->
        <test-method signature="Testcreateuser(java.lang.String,java.lang.String,java.lang.String,java.lang.String,java.lang.String,java.lang.String,java.lang.String)[pri:1, instance:api.testcases.UserTest_DD@63c5efee]" started-at="2024-04-06T21:34:39 IST" name="Testcreateuser" data-provider="AllData" finished-at="2024-04-06T21:34:41 IST" duration-ms="1554" status="PASS">
          <params>
            <param index="0">
              <value>
                <![CDATA[2021]]>
              </value>
            </param>
            <param index="1">
              <value>
                <![CDATA[user2]]>
              </value>
            </param>
            <param index="2">
              <value>
                <![CDATA[krish]]>
              </value>
            </param>
            <param index="3">
              <value>
                <![CDATA[lohar]]>
              </value>
            </param>
            <param index="4">
              <value>
                <![CDATA[b123@gmail.com]]>
              </value>
            </param>
            <param index="5">
              <value>
                <![CDATA[test@2]]>
              </value>
            </param>
            <param index="6">
              <value>
                <![CDATA[1234567890]]>
              </value>
            </param>
          </params>
          <reporter-output>
          </reporter-output>
        </test-method> <!-- Testcreateuser -->
        <test-method signature="Testcreateuser(java.lang.String,java.lang.String,java.lang.String,java.lang.String,java.lang.String,java.lang.String,java.lang.String)[pri:1, instance:api.testcases.UserTest_DD@63c5efee]" started-at="2024-04-06T21:34:41 IST" name="Testcreateuser" data-provider="AllData" finished-at="2024-04-06T21:34:42 IST" duration-ms="1599" status="PASS">
          <params>
            <param index="0">
              <value>
                <![CDATA[2022]]>
              </value>
            </param>
            <param index="1">
              <value>
                <![CDATA[user3]]>
              </value>
            </param>
            <param index="2">
              <value>
                <![CDATA[lohar]]>
              </value>
            </param>
            <param index="3">
              <value>
                <![CDATA[lohar]]>
              </value>
            </param>
            <param index="4">
              <value>
                <![CDATA[c123@gmail.com]]>
              </value>
            </param>
            <param index="5">
              <value>
                <![CDATA[test@3]]>
              </value>
            </param>
            <param index="6">
              <value>
                <![CDATA[1234567890]]>
              </value>
            </param>
          </params>
          <reporter-output>
          </reporter-output>
        </test-method> <!-- Testcreateuser -->
        <test-method signature="testDeleteUser(java.lang.String)[pri:2, instance:api.testcases.UserTest_DD@63c5efee]" started-at="2024-04-06T21:34:43 IST" name="testDeleteUser" data-provider="UserNamesData" finished-at="2024-04-06T21:34:45 IST" duration-ms="1850" status="PASS">
          <params>
            <param index="0">
              <value>
                <![CDATA[user1]]>
              </value>
            </param>
          </params>
          <reporter-output>
          </reporter-output>
        </test-method> <!-- testDeleteUser -->
        <test-method signature="testDeleteUser(java.lang.String)[pri:2, instance:api.testcases.UserTest_DD@63c5efee]" started-at="2024-04-06T21:34:45 IST" name="testDeleteUser" data-provider="UserNamesData" finished-at="2024-04-06T21:34:46 IST" duration-ms="1387" status="PASS">
          <params>
            <param index="0">
              <value>
                <![CDATA[user2]]>
              </value>
            </param>
          </params>
          <reporter-output>
          </reporter-output>
        </test-method> <!-- testDeleteUser -->
        <test-method signature="testDeleteUser(java.lang.String)[pri:2, instance:api.testcases.UserTest_DD@63c5efee]" started-at="2024-04-06T21:34:46 IST" name="testDeleteUser" data-provider="UserNamesData" finished-at="2024-04-06T21:34:48 IST" duration-ms="1350" status="PASS">
          <params>
            <param index="0">
              <value>
                <![CDATA[user3]]>
              </value>
            </param>
          </params>
          <reporter-output>
          </reporter-output>
        </test-method> <!-- testDeleteUser -->
      </class> <!-- api.testcases.UserTest_DD -->
    </test> <!-- Test -->
  </suite> <!-- Suite -->
</testng-results>
