<?xml version="1.0" encoding="UTF-8"?>
<testsuite xmlns:xsi="http://www.w3.org/2001/XMLSchema-instance" xsi:noNamespaceSchemaLocation="https://maven.apache.org/surefire/maven-surefire-plugin/xsd/surefire-test-report-3.0.xsd" version="3.0" name="TestSuite" time="41.364" tests="10" errors="0" skipped="0" failures="0">
  <properties>
[...]
</properties>
  <testcase name="Testcreateuser[2020, user1, kuldeep, lohar, a123@gmail.com, test@1, 1234567890](1)" classname="api.testcases.UserTest_DD" time="9.36">
    <system-out><![CDATA[on start method invoked
Name of test method successfully executed: Testcreateuser
HTTP/1.1 200 OK
Date: Sat, 06 Apr 2024 16:04:38 GMT
Content-Type: application/json
Transfer-Encoding: chunked
Connection: keep-alive
Access-Control-Allow-Origin: *
Access-Control-Allow-Methods: GET, POST, DELETE, PUT
Access-Control-Allow-Headers: Content-Type, api_key, Authorization
Server: Jetty(9.2.9.v20150224)

{
    "code": 200,
    "type": "unknown",
    "message": "9223372036854759105"
}
Name of test method onTestSuccess: Testcreateuser
]]></system-out>
  </testcase>
  <testcase name="Testcreateuser[2021, user2, krish, lohar, b123@gmail.com, test@2, 1234567890](2)" classname="api.testcases.UserTest_DD" time="1.59">
    <system-out><![CDATA[Name of test method successfully executed: Testcreateuser
HTTP/1.1 200 OK
Date: Sat, 06 Apr 2024 16:04:40 GMT
Content-Type: application/json
Transfer-Encoding: chunked
Connection: keep-alive
Access-Control-Allow-Origin: *
Access-Control-Allow-Methods: GET, POST, DELETE, PUT
Access-Control-Allow-Headers: Content-Type, api_key, Authorization
Server: Jetty(9.2.9.v20150224)

{
    "code": 200,
    "type": "unknown",
    "message": "9223372036854759106"
}
Name of test method onTestSuccess: Testcreateuser
]]></system-out>
  </testcase>
  <testcase name="Testcreateuser[2022, user3, lohar, lohar, c123@gmail.com, test@3, 1234567890](3)" classname="api.testcases.UserTest_DD" time="1.547">
    <system-out><![CDATA[Name of test method successfully executed: Testcreateuser
HTTP/1.1 200 OK
Date: Sat, 06 Apr 2024 16:04:42 GMT
Content-Type: application/json
Transfer-Encoding: chunked
Connection: keep-alive
Access-Control-Allow-Origin: *
Access-Control-Allow-Methods: GET, POST, DELETE, PUT
Access-Control-Allow-Headers: Content-Type, api_key, Authorization
Server: Jetty(9.2.9.v20150224)

{
    "code": 200,
    "type": "unknown",
    "message": "9223372036854759107"
}
Name of test method onTestSuccess: Testcreateuser
]]></system-out>
  </testcase>
  <testcase name="testDeleteUser[user1](1)" classname="api.testcases.UserTest_DD" time="1.9">
    <system-out><![CDATA[Name of test method successfully executed: testDeleteUser
HTTP/1.1 200 OK
Date: Sat, 06 Apr 2024 16:04:45 GMT
Content-Type: application/json
Transfer-Encoding: chunked
Connection: keep-alive
Access-Control-Allow-Origin: *
Access-Control-Allow-Methods: GET, POST, DELETE, PUT
Access-Control-Allow-Headers: Content-Type, api_key, Authorization
Server: Jetty(9.2.9.v20150224)

{
    "code": 200,
    "type": "unknown",
    "message": "user1"
}
Name of test method onTestSuccess: testDeleteUser
]]></system-out>
  </testcase>
  <testcase name="testDeleteUser[user2](2)" classname="api.testcases.UserTest_DD" time="1.354">
    <system-out><![CDATA[Name of test method successfully executed: testDeleteUser
HTTP/1.1 200 OK
Date: Sat, 06 Apr 2024 16:04:46 GMT
Content-Type: application/json
Transfer-Encoding: chunked
Connection: keep-alive
Access-Control-Allow-Origin: *
Access-Control-Allow-Methods: GET, POST, DELETE, PUT
Access-Control-Allow-Headers: Content-Type, api_key, Authorization
Server: Jetty(9.2.9.v20150224)

{
    "code": 200,
    "type": "unknown",
    "message": "user2"
}
Name of test method onTestSuccess: testDeleteUser
]]></system-out>
  </testcase>
  <testcase name="testDeleteUser[user3](3)" classname="api.testcases.UserTest_DD" time="1.373">
    <system-out><![CDATA[Name of test method successfully executed: testDeleteUser
HTTP/1.1 200 OK
Date: Sat, 06 Apr 2024 16:04:47 GMT
Content-Type: application/json
Transfer-Encoding: chunked
Connection: keep-alive
Access-Control-Allow-Origin: *
Access-Control-Allow-Methods: GET, POST, DELETE, PUT
Access-Control-Allow-Headers: Content-Type, api_key, Authorization
Server: Jetty(9.2.9.v20150224)

{
    "code": 200,
    "type": "unknown",
    "message": "user3"
}
Name of test method onTestSuccess: testDeleteUser
]]></system-out>
  </testcase>
  <testcase name="Testcreateuser" classname="api.testcases.UserTest" time="2.004">
    <system-out><![CDATA[Name of test method successfully executed: Testcreateuser
HTTP/1.1 200 OK
Date: Sat, 06 Apr 2024 16:04:50 GMT
Content-Type: application/json
Transfer-Encoding: chunked
Connection: keep-alive
Access-Control-Allow-Origin: *
Access-Control-Allow-Methods: GET, POST, DELETE, PUT
Access-Control-Allow-Headers: Content-Type, api_key, Authorization
Server: Jetty(9.2.9.v20150224)

{
    "code": 200,
    "type": "unknown",
    "message": "695660374"
}
2024-04-06 21:34:50 [main] INFO  RestAssuredAutomationFramework - Testcreateuser Sucessfully
21:34:50.801 [main] INFO  RestAssuredAutomationFramework - Testcreateuser Sucessfully
Name of test method onTestSuccess: Testcreateuser
]]></system-out>
  </testcase>
  <testcase name="TestGetuserdata" classname="api.testcases.UserTest" time="1.492">
    <system-out><![CDATA[Name of test method successfully executed: TestGetuserdata
HTTP/1.1 200 OK
Date: Sat, 06 Apr 2024 16:04:52 GMT
Content-Type: application/json
Transfer-Encoding: chunked
Connection: keep-alive
Access-Control-Allow-Origin: *
Access-Control-Allow-Methods: GET, POST, DELETE, PUT
Access-Control-Allow-Headers: Content-Type, api_key, Authorization
Server: Jetty(9.2.9.v20150224)

{
    "id": 695660374,
    "username": "tama.ratke",
    "firstName": "Arnulfo",
    "lastName": "Gottlieb",
    "email": "lourdes.leffler@hotmail.com",
    "password": "nd3cho0x",
    "phone": "501.420.9942",
    "userStatus": 0
}
2024-04-06 21:34:52 [main] INFO  RestAssuredAutomationFramework - TestGetuserdata Sucessfully
21:34:52.343 [main] INFO  RestAssuredAutomationFramework - TestGetuserdata Sucessfully
Name of test method onTestSuccess: TestGetuserdata
]]></system-out>
  </testcase>
  <testcase name="testUpdateUser" classname="api.testcases.UserTest" time="3.504">
    <system-out><![CDATA[Name of test method successfully executed: testUpdateUser
HTTP/1.1 200 OK
Date: Sat, 06 Apr 2024 16:04:54 GMT
Content-Type: application/json
Transfer-Encoding: chunked
Connection: keep-alive
Access-Control-Allow-Origin: *
Access-Control-Allow-Methods: GET, POST, DELETE, PUT
Access-Control-Allow-Headers: Content-Type, api_key, Authorization
Server: Jetty(9.2.9.v20150224)

{
    "code": 200,
    "type": "unknown",
    "message": "695660374"
}
After update
HTTP/1.1 200 OK
Date: Sat, 06 Apr 2024 16:04:55 GMT
Content-Type: application/json
Transfer-Encoding: chunked
Connection: keep-alive
Access-Control-Allow-Origin: *
Access-Control-Allow-Methods: GET, POST, DELETE, PUT
Access-Control-Allow-Headers: Content-Type, api_key, Authorization
Server: Jetty(9.2.9.v20150224)

{
    "id": 695660374,
    "username": "tama.ratke",
    "firstName": "Jessi",
    "lastName": "Gottlieb",
    "email": "lourdes.leffler@hotmail.com",
    "password": "nd3cho0x",
    "phone": "501.420.9942",
    "userStatus": 0
}
2024-04-06 21:34:55 [main] INFO  RestAssuredAutomationFramework - testUpdateUser sucessfully
21:34:55.856 [main] INFO  RestAssuredAutomationFramework - testUpdateUser sucessfully
Name of test method onTestSuccess: testUpdateUser
]]></system-out>
  </testcase>
  <testcase name="testDeleteUser" classname="api.testcases.UserTest" time="1.53">
    <system-out><![CDATA[Name of test method successfully executed: testDeleteUser
HTTP/1.1 200 OK
Date: Sat, 06 Apr 2024 16:04:57 GMT
Content-Type: application/json
Transfer-Encoding: chunked
Connection: keep-alive
Access-Control-Allow-Origin: *
Access-Control-Allow-Methods: GET, POST, DELETE, PUT
Access-Control-Allow-Headers: Content-Type, api_key, Authorization
Server: Jetty(9.2.9.v20150224)

{
    "code": 200,
    "type": "unknown",
    "message": "tama.ratke"
}
2024-04-06 21:34:57 [main] INFO  RestAssuredAutomationFramework - user testDeleteUser sucessfully
21:34:57.376 [main] INFO  RestAssuredAutomationFramework - user testDeleteUser sucessfully
Name of test method onTestSuccess: testDeleteUser
]]></system-out>
  </testcase>
</testsuite>