<?xml version="1.0" encoding="UTF-8"?>
<testng-results ignored="0" total="4" passed="4" failed="0" skipped="0">
  <reporter-output>
  </reporter-output>
  <suite started-at="2024-04-06T21:19:03 IST" name="Default suite" finished-at="2024-04-06T21:19:16 IST" duration-ms="13268">
    <groups>
    </groups>
    <test started-at="2024-04-06T21:19:03 IST" name="Default test" finished-at="2024-04-06T21:19:16 IST" duration-ms="13268">
      <class name="api.testcases.UserTest2">
        <test-method is-config="true" signature="generateTestData()[pri:0, instance:api.testcases.UserTest2@f19c9d2]" started-at="2024-04-06T21:19:03 IST" name="generateTestData" finished-at="2024-04-06T21:19:04 IST" duration-ms="495" status="PASS">
          <reporter-output>
          </reporter-output>
        </test-method> <!-- generateTestData -->
        <test-method signature="Testcreateuser()[pri:1, instance:api.testcases.UserTest2@f19c9d2]" started-at="2024-04-06T21:19:04 IST" name="Testcreateuser" finished-at="2024-04-06T21:19:10 IST" duration-ms="6505" status="PASS">
          <reporter-output>
          </reporter-output>
        </test-method> <!-- Testcreateuser -->
        <test-method signature="TestGetuserdata()[pri:2, instance:api.testcases.UserTest2@f19c9d2]" started-at="2024-04-06T21:19:10 IST" name="TestGetuserdata" finished-at="2024-04-06T21:19:12 IST" duration-ms="1542" status="PASS">
          <reporter-output>
          </reporter-output>
        </test-method> <!-- TestGetuserdata -->
        <test-method signature="testUpdateUser()[pri:3, instance:api.testcases.UserTest2@f19c9d2]" started-at="2024-04-06T21:19:12 IST" name="testUpdateUser" finished-at="2024-04-06T21:19:15 IST" duration-ms="3188" status="PASS">
          <reporter-output>
          </reporter-output>
        </test-method> <!-- testUpdateUser -->
        <test-method signature="testDeleteUser()[pri:4, instance:api.testcases.UserTest2@f19c9d2]" started-at="2024-04-06T21:19:15 IST" name="testDeleteUser" finished-at="2024-04-06T21:19:16 IST" duration-ms="1422" status="PASS">
          <reporter-output>
          </reporter-output>
        </test-method> <!-- testDeleteUser -->
      </class> <!-- api.testcases.UserTest2 -->
    </test> <!-- Default test -->
  </suite> <!-- Default suite -->
</testng-results>
